<?xml version="1.0" encoding="UTF-8"?>
<testng-results ignored="0" total="1" passed="1" failed="0" skipped="0">
  <reporter-output>
  </reporter-output>
  <suite started-at="2023-06-24T21:37:45 IST" name="Default suite" finished-at="2023-06-24T21:38:17 IST" duration-ms="31695">
    <groups>
    </groups>
    <test started-at="2023-06-24T21:37:45 IST" name="Default test" finished-at="2023-06-24T21:38:17 IST" duration-ms="31695">
      <class name="com.website.WebMath.LoanTestcases">
        <test-method is-config="true" signature="Initialize()[pri:0, instance:com.website.WebMath.LoanTestcases@441772e]" started-at="2023-06-24T21:37:45 IST" name="Initialize" finished-at="2023-06-24T21:38:11 IST" duration-ms="25948" status="PASS">
          <reporter-output>
          </reporter-output>
        </test-method> <!-- Initialize -->
        <test-method signature="LoanCalculationTestcase()[pri:0, instance:com.website.WebMath.LoanTestcases@441772e]" started-at="2023-06-24T21:38:11 IST" name="LoanCalculationTestcase" finished-at="2023-06-24T21:38:16 IST" duration-ms="5231" status="PASS">
          <reporter-output>
          </reporter-output>
        </test-method> <!-- LoanCalculationTestcase -->
        <test-method is-config="true" signature="close()[pri:0, instance:com.website.WebMath.LoanTestcases@441772e]" started-at="2023-06-24T21:38:16 IST" name="close" finished-at="2023-06-24T21:38:17 IST" duration-ms="451" status="PASS">
          <reporter-output>
          </reporter-output>
        </test-method> <!-- close -->
      </class> <!-- com.website.WebMath.LoanTestcases -->
    </test> <!-- Default test -->
  </suite> <!-- Default suite -->
</testng-results>
